[0.028s] Invoking command in '/root/xline_path_planner/build/xline_path_planner': /usr/bin/cmake --build /root/xline_path_planner/build/xline_path_planner -- -j8 -l8
[0.089s] -- Found ament_cmake: 1.3.11 (/opt/ros/humble/share/ament_cmake/cmake)
[0.380s] -- Found rclcpp: 16.0.12 (/opt/ros/humble/share/rclcpp/cmake)
[0.476s] -- Found rosidl_generator_c: 3.1.6 (/opt/ros/humble/share/rosidl_generator_c/cmake)
[0.486s] -- Found rosidl_adapter: 3.1.6 (/opt/ros/humble/share/rosidl_adapter/cmake)
[0.506s] -- Found rosidl_generator_cpp: 3.1.6 (/opt/ros/humble/share/rosidl_generator_cpp/cmake)
[0.539s] -- Using all available rosidl_typesupport_c: rosidl_typesupport_fastrtps_c;rosidl_typesupport_introspection_c
[0.580s] -- Using all available rosidl_typesupport_cpp: rosidl_typesupport_fastrtps_cpp;rosidl_typesupport_introspection_cpp
[0.691s] -- Found rmw_implementation_cmake: 6.1.2 (/opt/ros/humble/share/rmw_implementation_cmake/cmake)
[0.697s] -- Found rmw_fastrtps_cpp: 6.2.7 (/opt/ros/humble/share/rmw_fastrtps_cpp/cmake)
[0.927s] -- Using RMW implementation 'rmw_fastrtps_cpp' as default
[1.105s] -- Found rclcpp_action: 16.0.12 (/opt/ros/humble/share/rclcpp_action/cmake)
[1.237s] -- Found rosidl_default_generators: 1.2.0 (/opt/ros/humble/share/rosidl_default_generators/cmake)
[1.623s] Error parsing '/root/xline_path_planner/xline_path_planner/package.xml':
[1.623s] Traceback (most recent call last):
[1.623s]   File "/opt/ros/humble/share/ament_cmake_core/cmake/core/package_xml_2_cmake.py", line 150, in <module>
[1.624s]     main()
[1.624s]   File "/opt/ros/humble/share/ament_cmake_core/cmake/core/package_xml_2_cmake.py", line 53, in main
[1.624s]     raise e
[1.624s]   File "/opt/ros/humble/share/ament_cmake_core/cmake/core/package_xml_2_cmake.py", line 49, in main
[1.624s]     package = parse_package_string(
[1.624s]   File "/usr/lib/python3/dist-packages/catkin_pkg/package.py", line 786, in parse_package_string
[1.630s]     raise InvalidPackage('Error(s):%s' % (''.join(['\n- %s' % e for e in errors])), filename)
[1.631s] catkin_pkg.package.InvalidPackage: Error(s) in package '/root/xline_path_planner/xline_path_planner/package.xml':
[1.631s] Error(s):
[1.632s] - The generic dependency on 'ament_index_cpp' is redundant with: build_depend, build_export_depend, exec_depend
[1.632s] - The generic dependency on 'yaml-cpp' is redundant with: build_depend, build_export_depend, exec_depend
[1.660s] CMake Error at /opt/ros/humble/share/ament_cmake_core/cmake/core/ament_package_xml.cmake:95 (message):
[1.661s]   execute_process(/usr/bin/python3
[1.661s]   /opt/ros/humble/share/ament_cmake_core/cmake/core/package_xml_2_cmake.py
[1.661s]   /root/xline_path_planner/xline_path_planner/package.xml
[1.661s]   /root/xline_path_planner/build/xline_path_planner/ament_cmake_core/package.cmake)
[1.661s]   returned error code 1
[1.662s] Call Stack (most recent call first):
[1.662s]   /opt/ros/humble/share/ament_cmake_core/cmake/core/ament_package_xml.cmake:49 (_ament_package_xml)
[1.662s]   /opt/ros/humble/share/rosidl_cmake/cmake/rosidl_generate_interfaces.cmake:226 (ament_package_xml)
[1.662s]   CMakeLists.txt:53 (rosidl_generate_interfaces)
[1.662s] 
[1.662s] 
[1.662s] -- Configuring incomplete, errors occurred!
[1.662s] See also "/root/xline_path_planner/build/xline_path_planner/CMakeFiles/CMakeOutput.log".
[1.678s] gmake: *** [Makefile:488: cmake_check_build_system] Error 1
[1.681s] Invoked command in '/root/xline_path_planner/build/xline_path_planner' returned '2': /usr/bin/cmake --build /root/xline_path_planner/build/xline_path_planner -- -j8 -l8
