-- Found ament_cmake: 1.3.11 (/opt/ros/humble/share/ament_cmake/cmake)
-- Found rclcpp: 16.0.12 (/opt/ros/humble/share/rclcpp/cmake)
-- Found rosidl_generator_c: 3.1.6 (/opt/ros/humble/share/rosidl_generator_c/cmake)
-- Found rosidl_adapter: 3.1.6 (/opt/ros/humble/share/rosidl_adapter/cmake)
-- Found rosidl_generator_cpp: 3.1.6 (/opt/ros/humble/share/rosidl_generator_cpp/cmake)
-- Using all available rosidl_typesupport_c: rosidl_typesupport_fastrtps_c;rosidl_typesupport_introspection_c
-- Using all available rosidl_typesupport_cpp: rosidl_typesupport_fastrtps_cpp;rosidl_typesupport_introspection_cpp
-- Found rmw_implementation_cmake: 6.1.2 (/opt/ros/humble/share/rmw_implementation_cmake/cmake)
-- Found rmw_fastrtps_cpp: 6.2.7 (/opt/ros/humble/share/rmw_fastrtps_cpp/cmake)
-- Using RMW implementation 'rmw_fastrtps_cpp' as default
-- Found rclcpp_action: 16.0.12 (/opt/ros/humble/share/rclcpp_action/cmake)
-- Found rosidl_default_generators: 1.2.0 (/opt/ros/humble/share/rosidl_default_generators/cmake)
-- Found ament_cmake_ros: 0.10.0 (/opt/ros/humble/share/ament_cmake_ros/cmake)
-- Using all available rosidl_typesupport_c: rosidl_typesupport_fastrtps_c;rosidl_typesupport_introspection_c
-- Using all available rosidl_typesupport_cpp: rosidl_typesupport_fastrtps_cpp;rosidl_typesupport_introspection_cpp
-- Found PythonInterp: /usr/bin/python3 (found suitable version "3.10.12", minimum required is "3.6") 
-- Found python_cmake_module: 0.10.0 (/opt/ros/humble/share/python_cmake_module/cmake)
-- Found PythonLibs: /usr/lib/x86_64-linux-gnu/libpython3.10.so (found suitable version "3.10.12", minimum required is "3.5") 
-- Using PYTHON_EXECUTABLE: /usr/bin/python3
-- Using PYTHON_INCLUDE_DIRS: /usr/include/python3.10
-- Using PYTHON_LIBRARIES: /usr/lib/x86_64-linux-gnu/libpython3.10.so
-- Found PythonExtra: .so  
CMake Deprecation Warning at /opt/ros/humble/share/rosidl_cmake/cmake/rosidl_target_interfaces.cmake:32 (message):
  Use rosidl_get_typesupport_target() and target_link_libraries() instead of
  rosidl_target_interfaces()
Call Stack (most recent call first):
  CMakeLists.txt:62 (rosidl_target_interfaces)


-- Found ament_lint_auto: 0.12.12 (/opt/ros/humble/share/ament_lint_auto/cmake)
-- Added test 'cppcheck' to perform static code analysis on C / C++ code
-- Configured cppcheck include dirs: $<BUILD_INTERFACE:/root/xline_path_planner/xline_path_planner/include>
-- Configured cppcheck exclude dirs and/or files: 
-- Added test 'lint_cmake' to check CMake code style
-- Added test 'uncrustify' to check C / C++ code style
-- Configured uncrustify additional arguments: 
-- Added test 'xmllint' to check XML markup files
-- Configuring done
-- Generating done
-- Build files have been written to: /root/xline_path_planner/build/xline_path_planner
[  2%] Generating C code for ROS interfaces
[  5%] Generating C++ code for ROS interfaces
[  5%] Built target ament_cmake_python_copy_xline_path_planner
running egg_info
creating xline_path_planner.egg-info
writing xline_path_planner.egg-info/PKG-INFO
writing dependency_links to xline_path_planner.egg-info/dependency_links.txt
writing top-level names to xline_path_planner.egg-info/top_level.txt
writing manifest file 'xline_path_planner.egg-info/SOURCES.txt'
reading manifest file 'xline_path_planner.egg-info/SOURCES.txt'
writing manifest file 'xline_path_planner.egg-info/SOURCES.txt'
[  5%] Built target ament_cmake_python_build_xline_path_planner_egg
[  7%] Building C object CMakeFiles/xline_path_planner__rosidl_generator_c.dir/rosidl_generator_c/xline_path_planner/action/detail/plan_path__functions.c.o
[  7%] Built target xline_path_planner__cpp
[ 12%] Generating C++ type support for eProsima Fast-RTPS
[ 12%] Generating C++ type support dispatch for ROS interfaces
[ 15%] Generating C++ introspection for ROS interfaces
[ 17%] Building CXX object CMakeFiles/xline_path_planner__rosidl_typesupport_cpp.dir/rosidl_typesupport_cpp/xline_path_planner/action/plan_path__type_support.cpp.o
[ 20%] Linking C shared library libxline_path_planner__rosidl_generator_c.so
[ 23%] Building CXX object CMakeFiles/xline_path_planner__rosidl_typesupport_introspection_cpp.dir/rosidl_typesupport_introspection_cpp/xline_path_planner/action/detail/plan_path__type_support.cpp.o
[ 23%] Built target xline_path_planner__rosidl_generator_c
[ 25%] Generating C type support for eProsima Fast-RTPS
[ 28%] Generating C introspection for ROS interfaces
[ 30%] Generating C type support dispatch for ROS interfaces
[ 33%] Building CXX object CMakeFiles/xline_path_planner__rosidl_typesupport_fastrtps_cpp.dir/rosidl_typesupport_fastrtps_cpp/xline_path_planner/action/detail/dds_fastrtps/plan_path__type_support.cpp.o
[ 35%] Building CXX object CMakeFiles/xline_path_planner__rosidl_typesupport_c.dir/rosidl_typesupport_c/xline_path_planner/action/plan_path__type_support.cpp.o
[ 38%] Linking CXX shared library libxline_path_planner__rosidl_typesupport_cpp.so
[ 38%] Built target xline_path_planner__rosidl_typesupport_cpp
[ 41%] Linking CXX shared library libxline_path_planner__rosidl_typesupport_c.so
[ 41%] Built target xline_path_planner__rosidl_typesupport_c
[ 43%] Building C object CMakeFiles/xline_path_planner__rosidl_typesupport_introspection_c.dir/rosidl_typesupport_introspection_c/xline_path_planner/action/detail/plan_path__type_support.c.o
[ 46%] Building CXX object CMakeFiles/xline_path_planner__rosidl_typesupport_fastrtps_c.dir/rosidl_typesupport_fastrtps_c/xline_path_planner/action/detail/plan_path__type_support_c.cpp.o
[ 48%] Linking C shared library libxline_path_planner__rosidl_typesupport_introspection_c.so
[ 48%] Built target xline_path_planner__rosidl_typesupport_introspection_c
[ 51%] Linking CXX shared library libxline_path_planner__rosidl_typesupport_introspection_cpp.so
[ 51%] Built target xline_path_planner__rosidl_typesupport_introspection_cpp
[ 53%] Linking CXX shared library libxline_path_planner__rosidl_typesupport_fastrtps_cpp.so
[ 53%] Built target xline_path_planner__rosidl_typesupport_fastrtps_cpp
[ 56%] Linking CXX shared library libxline_path_planner__rosidl_typesupport_fastrtps_c.so
[ 56%] Built target xline_path_planner__rosidl_typesupport_fastrtps_c
[ 56%] Built target xline_path_planner
[ 58%] Generating Python code for ROS interfaces
Consolidate compiler generated dependencies of target planner_node
[ 61%] Building CXX object CMakeFiles/planner_node.dir/src/main.cpp.o
[ 64%] Building CXX object CMakeFiles/planner_node.dir/src/cad_parser.cpp.o
[ 66%] Building CXX object CMakeFiles/planner_node.dir/src/planner_engine.cpp.o
[ 71%] Building CXX object CMakeFiles/planner_node.dir/src/grid_map_generator.cpp.o
[ 71%] Building CXX object CMakeFiles/planner_node.dir/src/path_planner.cpp.o
[ 74%] Building CXX object CMakeFiles/planner_node.dir/src/trajectory_generator.cpp.o
[ 76%] Building CXX object CMakeFiles/planner_node.dir/src/output_formatter.cpp.o
[ 76%] Built target xline_path_planner__py
[ 79%] Building C object CMakeFiles/xline_path_planner__rosidl_generator_py.dir/rosidl_generator_py/xline_path_planner/action/_plan_path_s.c.o
/root/xline_path_planner/xline_path_planner/src/grid_map_generator.cpp: In member function ‘bool daosnrs_planning::GridMapGenerator::save_as_image(const string&, const daosnrs_planning::CADData&, const daosnrs_planning::GridMapVisualizationConfig&) const’:
/root/xline_path_planner/xline_path_planner/src/grid_map_generator.cpp:140:83: warning: unused parameter ‘cad_data’ [-Wunused-parameter]
  140 | bool GridMapGenerator::save_as_image(const std::string& file_path, const CADData& cad_data,
      |                                                                    ~~~~~~~~~~~~~~~^~~~~~~~
/root/xline_path_planner/xline_path_planner/src/grid_map_generator.cpp: In member function ‘void daosnrs_planning::GridMapGenerator::store_axis_line_points(const std::shared_ptr<daosnrs_planning::Line>&)’:
/root/xline_path_planner/xline_path_planner/src/grid_map_generator.cpp:739:64: warning: comparison of integer expressions of different signedness: ‘std::vector<daosnrs_planning::Point3D>::size_type’ {aka ‘long unsigned int’} and ‘int’ [-Wsign-compare]
  739 |         if (curve->degree <= 3 && curve->control_points.size() >= curve->degree + 1)
      |                                   ~~~~~~~~~~~~~~~~~~~~~~~~~~~~~^~~~~~~~~~~~~~~~~~~~
/root/xline_path_planner/xline_path_planner/src/path_planner.cpp: In member function ‘std::vector<daosnrs_planning::RouteSegment> daosnrs_planning::PathPlanner::plan_paths(const daosnrs_planning::CADData&, const daosnrs_planning::PathOffsetConfig&)’:
/root/xline_path_planner/xline_path_planner/src/path_planner.cpp:84:47: warning: comparison of integer expressions of different signedness: ‘int’ and ‘std::vector<std::shared_ptr<daosnrs_planning::Line> >::size_type’ {aka ‘long unsigned int’} [-Wsign-compare]
   84 |   if (!lines_to_draw.empty() && printed_count == cad_data.path_lines.size())
      |                                 ~~~~~~~~~~~~~~^~~~~~~~~~~~~~~~~~~~~~~~~~~~~
/root/xline_path_planner/xline_path_planner/src/path_planner.cpp: In member function ‘cv::Mat daosnrs_planning::PathPlanner::create_path_image(const daosnrs_planning::PathVisualizationConfig&)’:
/root/xline_path_planner/xline_path_planner/src/path_planner.cpp:959:10: warning: unused variable ‘resolution’ [-Wunused-variable]
  959 |   double resolution = grid_map_generator_->get_resolution();
      |          ^~~~~~~~~~
[ 82%] Linking C shared library rosidl_generator_py/xline_path_planner/libxline_path_planner__rosidl_generator_py.so
[ 82%] Built target xline_path_planner__rosidl_generator_py
[ 84%] Building C object CMakeFiles/xline_path_planner__rosidl_typesupport_introspection_c__pyext.dir/rosidl_generator_py/xline_path_planner/_xline_path_planner_s.ep.rosidl_typesupport_introspection_c.c.o
[ 87%] Building C object CMakeFiles/xline_path_planner__rosidl_typesupport_fastrtps_c__pyext.dir/rosidl_generator_py/xline_path_planner/_xline_path_planner_s.ep.rosidl_typesupport_fastrtps_c.c.o
[ 89%] Linking C shared library rosidl_generator_py/xline_path_planner/xline_path_planner_s__rosidl_typesupport_fastrtps_c.cpython-310-x86_64-linux-gnu.so
[ 92%] Linking C shared library rosidl_generator_py/xline_path_planner/xline_path_planner_s__rosidl_typesupport_introspection_c.cpython-310-x86_64-linux-gnu.so
[ 92%] Built target xline_path_planner__rosidl_typesupport_fastrtps_c__pyext
[ 94%] Building C object CMakeFiles/xline_path_planner__rosidl_typesupport_c__pyext.dir/rosidl_generator_py/xline_path_planner/_xline_path_planner_s.ep.rosidl_typesupport_c.c.o
[ 94%] Built target xline_path_planner__rosidl_typesupport_introspection_c__pyext
[ 97%] Linking C shared library rosidl_generator_py/xline_path_planner/xline_path_planner_s__rosidl_typesupport_c.cpython-310-x86_64-linux-gnu.so
[ 97%] Built target xline_path_planner__rosidl_typesupport_c__pyext
/root/xline_path_planner/xline_path_planner/src/main.cpp:245:43: error: ‘xline_path_planner’ has not been declared
  245 |                                           xline_path_planner::action::PlanPath::Goal::ConstSharedPtr goal)
      |                                           ^~~~~~~~~~~~~~~~~~
/root/xline_path_planner/xline_path_planner/src/main.cpp:245:102: error: expected ‘,’ or ‘...’ before ‘goal’
  245 |                                           xline_path_planner::action::PlanPath::Goal::ConstSharedPtr goal)
      |                                                                                                      ^~~~
/root/xline_path_planner/xline_path_planner/src/main.cpp:256:101: error: ‘xline_path_planner’ was not declared in this scope
  256 |   rclcpp_action::CancelResponse handle_cancel(const std::shared_ptr<rclcpp_action::ServerGoalHandle<xline_path_planner::action::PlanPath>>)
      |                                                                                                     ^~~~~~~~~~~~~~~~~~
/root/xline_path_planner/xline_path_planner/src/main.cpp:256:137: error: template argument 1 is invalid
  256 |   rclcpp_action::CancelResponse handle_cancel(const std::shared_ptr<rclcpp_action::ServerGoalHandle<xline_path_planner::action::PlanPath>>)
      |                                                                                                                                         ^~
/root/xline_path_planner/xline_path_planner/src/main.cpp:256:101: error: ‘xline_path_planner’ was not declared in this scope
  256 |   rclcpp_action::CancelResponse handle_cancel(const std::shared_ptr<rclcpp_action::ServerGoalHandle<xline_path_planner::action::PlanPath>>)
      |                                                                                                     ^~~~~~~~~~~~~~~~~~
/root/xline_path_planner/xline_path_planner/src/main.cpp:256:137: error: template argument 1 is invalid
  256 |   rclcpp_action::CancelResponse handle_cancel(const std::shared_ptr<rclcpp_action::ServerGoalHandle<xline_path_planner::action::PlanPath>>)
      |                                                                                                                                         ^~
/root/xline_path_planner/xline_path_planner/src/main.cpp:256:101: error: ‘xline_path_planner’ was not declared in this scope
  256 |   rclcpp_action::CancelResponse handle_cancel(const std::shared_ptr<rclcpp_action::ServerGoalHandle<xline_path_planner::action::PlanPath>>)
      |                                                                                                     ^~~~~~~~~~~~~~~~~~
/root/xline_path_planner/xline_path_planner/src/main.cpp:256:137: error: template argument 1 is invalid
  256 |   rclcpp_action::CancelResponse handle_cancel(const std::shared_ptr<rclcpp_action::ServerGoalHandle<xline_path_planner::action::PlanPath>>)
      |                                                                                                                                         ^~
/root/xline_path_planner/xline_path_planner/src/main.cpp:256:69: error: invalid template-id
  256 |   rclcpp_action::CancelResponse handle_cancel(const std::shared_ptr<rclcpp_action::ServerGoalHandle<xline_path_planner::action::PlanPath>>)
      |                                                                     ^~~~~~~~~~~~~
/root/xline_path_planner/xline_path_planner/src/main.cpp:256:101: error: ‘xline_path_planner’ was not declared in this scope
  256 |   rclcpp_action::CancelResponse handle_cancel(const std::shared_ptr<rclcpp_action::ServerGoalHandle<xline_path_planner::action::PlanPath>>)
      |                                                                                                     ^~~~~~~~~~~~~~~~~~
/root/xline_path_planner/xline_path_planner/src/main.cpp:256:84: error: template argument 1 is invalid
  256 |   rclcpp_action::CancelResponse handle_cancel(const std::shared_ptr<rclcpp_action::ServerGoalHandle<xline_path_planner::action::PlanPath>>)
      |                                                                                    ^~~~~~~~~~~~~~~~
/root/xline_path_planner/xline_path_planner/src/main.cpp:256:84: error: template argument 1 is invalid
/root/xline_path_planner/xline_path_planner/src/main.cpp:256:84: error: template argument 1 is invalid
/root/xline_path_planner/xline_path_planner/src/main.cpp:256:53: error: invalid template-id
  256 |   rclcpp_action::CancelResponse handle_cancel(const std::shared_ptr<rclcpp_action::ServerGoalHandle<xline_path_planner::action::PlanPath>>)
      |                                                     ^~~
/root/xline_path_planner/xline_path_planner/src/main.cpp:256:139: error: missing template arguments before ‘)’ token
  256 |   rclcpp_action::CancelResponse handle_cancel(const std::shared_ptr<rclcpp_action::ServerGoalHandle<xline_path_planner::action::PlanPath>>)
      |                                                                                                                                           ^
/root/xline_path_planner/xline_path_planner/src/main.cpp:256:139: error: expected ‘>’ before ‘)’ token
/root/xline_path_planner/xline_path_planner/src/main.cpp:256:47: error: class template placeholder ‘std::shared_ptr’ not permitted in this context
  256 |   rclcpp_action::CancelResponse handle_cancel(const std::shared_ptr<rclcpp_action::ServerGoalHandle<xline_path_planner::action::PlanPath>>)
      |                                               ^~~~~
/root/xline_path_planner/xline_path_planner/src/main.cpp:263:78: error: ‘xline_path_planner’ was not declared in this scope
  263 |   void handle_accepted(const std::shared_ptr<rclcpp_action::ServerGoalHandle<xline_path_planner::action::PlanPath>> goal_handle)
      |                                                                              ^~~~~~~~~~~~~~~~~~
/root/xline_path_planner/xline_path_planner/src/main.cpp:263:114: error: template argument 1 is invalid
  263 |   void handle_accepted(const std::shared_ptr<rclcpp_action::ServerGoalHandle<xline_path_planner::action::PlanPath>> goal_handle)
      |                                                                                                                  ^~
/root/xline_path_planner/xline_path_planner/src/main.cpp:263:78: error: ‘xline_path_planner’ was not declared in this scope
  263 |   void handle_accepted(const std::shared_ptr<rclcpp_action::ServerGoalHandle<xline_path_planner::action::PlanPath>> goal_handle)
      |                                                                              ^~~~~~~~~~~~~~~~~~
/root/xline_path_planner/xline_path_planner/src/main.cpp:263:114: error: template argument 1 is invalid
  263 |   void handle_accepted(const std::shared_ptr<rclcpp_action::ServerGoalHandle<xline_path_planner::action::PlanPath>> goal_handle)
      |                                                                                                                  ^~
/root/xline_path_planner/xline_path_planner/src/main.cpp:263:78: error: ‘xline_path_planner’ was not declared in this scope
  263 |   void handle_accepted(const std::shared_ptr<rclcpp_action::ServerGoalHandle<xline_path_planner::action::PlanPath>> goal_handle)
      |                                                                              ^~~~~~~~~~~~~~~~~~
/root/xline_path_planner/xline_path_planner/src/main.cpp:263:114: error: template argument 1 is invalid
  263 |   void handle_accepted(const std::shared_ptr<rclcpp_action::ServerGoalHandle<xline_path_planner::action::PlanPath>> goal_handle)
      |                                                                                                                  ^~
/root/xline_path_planner/xline_path_planner/src/main.cpp:263:46: error: invalid template-id
  263 |   void handle_accepted(const std::shared_ptr<rclcpp_action::ServerGoalHandle<xline_path_planner::action::PlanPath>> goal_handle)
      |                                              ^~~~~~~~~~~~~
/root/xline_path_planner/xline_path_planner/src/main.cpp:263:78: error: ‘xline_path_planner’ was not declared in this scope
  263 |   void handle_accepted(const std::shared_ptr<rclcpp_action::ServerGoalHandle<xline_path_planner::action::PlanPath>> goal_handle)
      |                                                                              ^~~~~~~~~~~~~~~~~~
/root/xline_path_planner/xline_path_planner/src/main.cpp:263:117: error: template argument 1 is invalid
  263 |   void handle_accepted(const std::shared_ptr<rclcpp_action::ServerGoalHandle<xline_path_planner::action::PlanPath>> goal_handle)
      |                                                                                                                     ^~~~~~~~~~~
/root/xline_path_planner/xline_path_planner/src/main.cpp:263:117: error: template argument 1 is invalid
/root/xline_path_planner/xline_path_planner/src/main.cpp:263:117: error: template argument 1 is invalid
/root/xline_path_planner/xline_path_planner/src/main.cpp:263:30: error: invalid template-id
  263 |   void handle_accepted(const std::shared_ptr<rclcpp_action::ServerGoalHandle<xline_path_planner::action::PlanPath>> goal_handle)
      |                              ^~~
/root/xline_path_planner/xline_path_planner/src/main.cpp:263:117: error: missing template arguments before ‘goal_handle’
  263 |   void handle_accepted(const std::shared_ptr<rclcpp_action::ServerGoalHandle<xline_path_planner::action::PlanPath>> goal_handle)
      |                                                                                                                     ^~~~~~~~~~~
/root/xline_path_planner/xline_path_planner/src/main.cpp:263:117: error: expected ‘>’ before ‘goal_handle’
/root/xline_path_planner/xline_path_planner/src/main.cpp:263:24: error: class template placeholder ‘std::shared_ptr’ not permitted in this context
  263 |   void handle_accepted(const std::shared_ptr<rclcpp_action::ServerGoalHandle<xline_path_planner::action::PlanPath>> goal_handle)
      |                        ^~~~~
/root/xline_path_planner/xline_path_planner/src/main.cpp:269:3: error: ‘PlannerEngineConfig’ does not name a type
  269 |   PlannerEngineConfig build_engine_cfg_from_node() const
      |   ^~~~~~~~~~~~~~~~~~~
/root/xline_path_planner/xline_path_planner/src/main.cpp:281:3: error: ‘PlannerEngineConfig’ does not name a type
  281 |   PlannerEngineConfig load_engine_cfg_from_yaml_text(const std::string& yaml_text)
      |   ^~~~~~~~~~~~~~~~~~~
/root/xline_path_planner/xline_path_planner/src/main.cpp:349:70: error: ‘xline_path_planner’ was not declared in this scope
  349 |   void execute(const std::shared_ptr<rclcpp_action::ServerGoalHandle<xline_path_planner::action::PlanPath>> goal_handle)
      |                                                                      ^~~~~~~~~~~~~~~~~~
/root/xline_path_planner/xline_path_planner/src/main.cpp:349:106: error: template argument 1 is invalid
  349 |   void execute(const std::shared_ptr<rclcpp_action::ServerGoalHandle<xline_path_planner::action::PlanPath>> goal_handle)
      |                                                                                                          ^~
/root/xline_path_planner/xline_path_planner/src/main.cpp:349:70: error: ‘xline_path_planner’ was not declared in this scope
  349 |   void execute(const std::shared_ptr<rclcpp_action::ServerGoalHandle<xline_path_planner::action::PlanPath>> goal_handle)
      |                                                                      ^~~~~~~~~~~~~~~~~~
/root/xline_path_planner/xline_path_planner/src/main.cpp:349:106: error: template argument 1 is invalid
  349 |   void execute(const std::shared_ptr<rclcpp_action::ServerGoalHandle<xline_path_planner::action::PlanPath>> goal_handle)
      |                                                                                                          ^~
/root/xline_path_planner/xline_path_planner/src/main.cpp:349:70: error: ‘xline_path_planner’ was not declared in this scope
  349 |   void execute(const std::shared_ptr<rclcpp_action::ServerGoalHandle<xline_path_planner::action::PlanPath>> goal_handle)
      |                                                                      ^~~~~~~~~~~~~~~~~~
/root/xline_path_planner/xline_path_planner/src/main.cpp:349:106: error: template argument 1 is invalid
  349 |   void execute(const std::shared_ptr<rclcpp_action::ServerGoalHandle<xline_path_planner::action::PlanPath>> goal_handle)
      |                                                                                                          ^~
/root/xline_path_planner/xline_path_planner/src/main.cpp:349:38: error: invalid template-id
  349 |   void execute(const std::shared_ptr<rclcpp_action::ServerGoalHandle<xline_path_planner::action::PlanPath>> goal_handle)
      |                                      ^~~~~~~~~~~~~
/root/xline_path_planner/xline_path_planner/src/main.cpp:349:70: error: ‘xline_path_planner’ was not declared in this scope
  349 |   void execute(const std::shared_ptr<rclcpp_action::ServerGoalHandle<xline_path_planner::action::PlanPath>> goal_handle)
      |                                                                      ^~~~~~~~~~~~~~~~~~
/root/xline_path_planner/xline_path_planner/src/main.cpp:349:109: error: template argument 1 is invalid
  349 |   void execute(const std::shared_ptr<rclcpp_action::ServerGoalHandle<xline_path_planner::action::PlanPath>> goal_handle)
      |                                                                                                             ^~~~~~~~~~~
/root/xline_path_planner/xline_path_planner/src/main.cpp:349:109: error: template argument 1 is invalid
/root/xline_path_planner/xline_path_planner/src/main.cpp:349:109: error: template argument 1 is invalid
/root/xline_path_planner/xline_path_planner/src/main.cpp:349:22: error: invalid template-id
  349 |   void execute(const std::shared_ptr<rclcpp_action::ServerGoalHandle<xline_path_planner::action::PlanPath>> goal_handle)
      |                      ^~~
/root/xline_path_planner/xline_path_planner/src/main.cpp:349:109: error: missing template arguments before ‘goal_handle’
  349 |   void execute(const std::shared_ptr<rclcpp_action::ServerGoalHandle<xline_path_planner::action::PlanPath>> goal_handle)
      |                                                                                                             ^~~~~~~~~~~
/root/xline_path_planner/xline_path_planner/src/main.cpp:349:109: error: expected ‘>’ before ‘goal_handle’
/root/xline_path_planner/xline_path_planner/src/main.cpp:349:16: error: class template placeholder ‘std::shared_ptr’ not permitted in this context
  349 |   void execute(const std::shared_ptr<rclcpp_action::ServerGoalHandle<xline_path_planner::action::PlanPath>> goal_handle)
      |                ^~~~~
/root/xline_path_planner/xline_path_planner/src/main.cpp:393:20: error: ‘xline_path_planner’ does not name a type
  393 |   using PlanPath = xline_path_planner::action::PlanPath;
      |                    ^~~~~~~~~~~~~~~~~~
/root/xline_path_planner/xline_path_planner/src/main.cpp:394:25: error: ‘PlanPath’ was not declared in this scope
  394 |   rclcpp_action::Server<PlanPath>::SharedPtr action_server_;
      |                         ^~~~~~~~
/root/xline_path_planner/xline_path_planner/src/main.cpp:394:33: error: template argument 1 is invalid
  394 |   rclcpp_action::Server<PlanPath>::SharedPtr action_server_;
      |                                 ^
/root/xline_path_planner/xline_path_planner/src/main.cpp:394:36: error: expected ‘;’ at end of member declaration
  394 |   rclcpp_action::Server<PlanPath>::SharedPtr action_server_;
      |                                    ^~~~~~~~~
      |                                             ;
/root/xline_path_planner/xline_path_planner/src/main.cpp:394:46: error: ‘action_server_’ does not name a type; did you mean ‘rcl_action_server_t’?
  394 |   rclcpp_action::Server<PlanPath>::SharedPtr action_server_;
      |                                              ^~~~~~~~~~~~~~
      |                                              rcl_action_server_t
/root/xline_path_planner/xline_path_planner/src/main.cpp: In member function ‘void PlannerNode::start_action_server()’:
/root/xline_path_planner/xline_path_planner/src/main.cpp:230:22: error: ‘xline_path_planner’ does not name a type
  230 |     using PlanPath = xline_path_planner::action::PlanPath;
      |                      ^~~~~~~~~~~~~~~~~~
/root/xline_path_planner/xline_path_planner/src/main.cpp:233:5: error: ‘action_server_’ was not declared in this scope; did you mean ‘rcl_action_server_t’?
  233 |     action_server_ = rclcpp_action::create_server<PlanPath>(
      |     ^~~~~~~~~~~~~~
      |     rcl_action_server_t
/root/xline_path_planner/xline_path_planner/src/main.cpp:233:51: error: ‘PlanPath’ was not declared in this scope; did you mean ‘plan_paths’?
  233 |     action_server_ = rclcpp_action::create_server<PlanPath>(
      |                                                   ^~~~~~~~
      |                                                   plan_paths
/root/xline_path_planner/xline_path_planner/src/main.cpp:233:60: error: no matching function for call to ‘create_server<<expression error> >(std::shared_ptr<rclcpp::Node>, const char [10], std::_Bind_helper<false, rclcpp_action::GoalResponse (PlannerNode::*)(const std::array<unsigned char, 16>&, int), PlannerNode*, const std::_Placeholder<1>&, const std::_Placeholder<2>&>::type, std::_Bind_helper<false, rclcpp_action::CancelResponse (PlannerNode::*)(...), PlannerNode*, const std::_Placeholder<1>&>::type, std::_Bind_helper<false, void (PlannerNode::*)(...), PlannerNode*, const std::_Placeholder<1>&>::type)’
  233 |     action_server_ = rclcpp_action::create_server<PlanPath>(
      |                      ~~~~~~~~~~~~~~~~~~~~~~~~~~~~~~~~~~~~~~^
  234 |       shared_from_this(),
      |       ~~~~~~~~~~~~~~~~~~~                                   
  235 |       "plan_path",
      |       ~~~~~~~~~~~~                                          
  236 |       std::bind(&PlannerNode::handle_goal, this, _1, _2),
      |       ~~~~~~~~~~~~~~~~~~~~~~~~~~~~~~~~~~~~~~~~~~~~~~~~~~~   
  237 |       std::bind(&PlannerNode::handle_cancel, this, _1),
      |       ~~~~~~~~~~~~~~~~~~~~~~~~~~~~~~~~~~~~~~~~~~~~~~~~~     
  238 |       std::bind(&PlannerNode::handle_accepted, this, _1)
      |       ~~~~~~~~~~~~~~~~~~~~~~~~~~~~~~~~~~~~~~~~~~~~~~~~~~    
  239 |     );
      |     ~                                                       
In file included from /opt/ros/humble/include/rclcpp_action/rclcpp_action/rclcpp_action.hpp:39,
                 from /root/xline_path_planner/xline_path_planner/src/main.cpp:8:
/opt/ros/humble/include/rclcpp_action/rclcpp_action/create_server.hpp:58:1: note: candidate: ‘template<class ActionT> typename rclcpp_action::Server<ActionT>::SharedPtr rclcpp_action::create_server(rclcpp::node_interfaces::NodeBaseInterface::SharedPtr, rclcpp::node_interfaces::NodeClockInterface::SharedPtr, rclcpp::node_interfaces::NodeLoggingInterface::SharedPtr, rclcpp::node_interfaces::NodeWaitablesInterface::SharedPtr, const string&, typename rclcpp_action::Server<ActionT>::GoalCallback, typename rclcpp_action::Server<ActionT>::CancelCallback, typename rclcpp_action::Server<ActionT>::AcceptedCallback, const rcl_action_server_options_t&, rclcpp::CallbackGroup::SharedPtr)’
   58 | create_server(
      | ^~~~~~~~~~~~~
/opt/ros/humble/include/rclcpp_action/rclcpp_action/create_server.hpp:58:1: note:   template argument deduction/substitution failed:
/root/xline_path_planner/xline_path_planner/src/main.cpp:233:60: error: template argument 1 is invalid
  233 |     action_server_ = rclcpp_action::create_server<PlanPath>(
      |                      ~~~~~~~~~~~~~~~~~~~~~~~~~~~~~~~~~~~~~~^
  234 |       shared_from_this(),
      |       ~~~~~~~~~~~~~~~~~~~                                   
  235 |       "plan_path",
      |       ~~~~~~~~~~~~                                          
  236 |       std::bind(&PlannerNode::handle_goal, this, _1, _2),
      |       ~~~~~~~~~~~~~~~~~~~~~~~~~~~~~~~~~~~~~~~~~~~~~~~~~~~   
  237 |       std::bind(&PlannerNode::handle_cancel, this, _1),
      |       ~~~~~~~~~~~~~~~~~~~~~~~~~~~~~~~~~~~~~~~~~~~~~~~~~     
  238 |       std::bind(&PlannerNode::handle_accepted, this, _1)
      |       ~~~~~~~~~~~~~~~~~~~~~~~~~~~~~~~~~~~~~~~~~~~~~~~~~~    
  239 |     );
      |     ~                                                       
In file included from /opt/ros/humble/include/rclcpp_action/rclcpp_action/rclcpp_action.hpp:39,
                 from /root/xline_path_planner/xline_path_planner/src/main.cpp:8:
/opt/ros/humble/include/rclcpp_action/rclcpp_action/create_server.hpp:132:1: note: candidate: ‘template<class ActionT, class NodeT> typename rclcpp_action::Server<ActionT>::SharedPtr rclcpp_action::create_server(NodeT, const string&, typename rclcpp_action::Server<ActionT>::GoalCallback, typename rclcpp_action::Server<ActionT>::CancelCallback, typename rclcpp_action::Server<ActionT>::AcceptedCallback, const rcl_action_server_options_t&, rclcpp::CallbackGroup::SharedPtr)’
  132 | create_server(
      | ^~~~~~~~~~~~~
/opt/ros/humble/include/rclcpp_action/rclcpp_action/create_server.hpp:132:1: note:   template argument deduction/substitution failed:
/root/xline_path_planner/xline_path_planner/src/main.cpp:233:60: error: template argument 1 is invalid
  233 |     action_server_ = rclcpp_action::create_server<PlanPath>(
      |                      ~~~~~~~~~~~~~~~~~~~~~~~~~~~~~~~~~~~~~~^
  234 |       shared_from_this(),
      |       ~~~~~~~~~~~~~~~~~~~                                   
  235 |       "plan_path",
      |       ~~~~~~~~~~~~                                          
  236 |       std::bind(&PlannerNode::handle_goal, this, _1, _2),
      |       ~~~~~~~~~~~~~~~~~~~~~~~~~~~~~~~~~~~~~~~~~~~~~~~~~~~   
  237 |       std::bind(&PlannerNode::handle_cancel, this, _1),
      |       ~~~~~~~~~~~~~~~~~~~~~~~~~~~~~~~~~~~~~~~~~~~~~~~~~     
  238 |       std::bind(&PlannerNode::handle_accepted, this, _1)
      |       ~~~~~~~~~~~~~~~~~~~~~~~~~~~~~~~~~~~~~~~~~~~~~~~~~~    
  239 |     );
      |     ~                                                       
/root/xline_path_planner/xline_path_planner/src/main.cpp: In member function ‘rclcpp_action::GoalResponse PlannerNode::handle_goal(const GoalUUID&, int)’:
/root/xline_path_planner/xline_path_planner/src/main.cpp:247:9: error: ‘goal’ was not declared in this scope
  247 |     if (goal->cad_json.empty())
      |         ^~~~
/root/xline_path_planner/xline_path_planner/src/main.cpp:245:87: warning: unused parameter ‘ConstSharedPtr’ [-Wunused-parameter]
  245 |                                           xline_path_planner::action::PlanPath::Goal::ConstSharedPtr goal)
      |                                           ~~~~~~~~~~~~~~~~~~~~~~~~~~~~~~~~~~~~~~~~~~~~^~~~~~~~~~~~~~
/root/xline_path_planner/xline_path_planner/src/main.cpp: In member function ‘void PlannerNode::handle_accepted(...)’:
/root/xline_path_planner/xline_path_planner/src/main.cpp:265:24: error: ‘goal_handle’ was not declared in this scope
  265 |     std::thread([this, goal_handle]() { this->execute(goal_handle); }).detach();
      |                        ^~~~~~~~~~~
/root/xline_path_planner/xline_path_planner/src/main.cpp: In lambda function:
/root/xline_path_planner/xline_path_planner/src/main.cpp:265:55: error: ‘goal_handle’ is not captured
  265 |     std::thread([this, goal_handle]() { this->execute(goal_handle); }).detach();
      |                                                       ^~~~~~~~~~~
/root/xline_path_planner/xline_path_planner/src/main.cpp:265:35: note: the lambda has no capture-default
  265 |     std::thread([this, goal_handle]() { this->execute(goal_handle); }).detach();
      |                                   ^
/root/xline_path_planner/xline_path_planner/src/main.cpp:265:24: note: ‘<typeprefixerror>goal_handle’ declared here
  265 |     std::thread([this, goal_handle]() { this->execute(goal_handle); }).detach();
      |                        ^~~~~~~~~~~
/root/xline_path_planner/xline_path_planner/src/main.cpp: In member function ‘void PlannerNode::execute(...)’:
/root/xline_path_planner/xline_path_planner/src/main.cpp:351:22: error: ‘xline_path_planner’ does not name a type
  351 |     using PlanPath = xline_path_planner::action::PlanPath;
      |                      ^~~~~~~~~~~~~~~~~~
/root/xline_path_planner/xline_path_planner/src/main.cpp:352:17: error: ‘goal_handle’ was not declared in this scope
  352 |     auto goal = goal_handle->get_goal();
      |                 ^~~~~~~~~~~
/root/xline_path_planner/xline_path_planner/src/main.cpp:353:38: error: ‘PlanPath’ was not declared in this scope; did you mean ‘plan_paths’?
  353 |     auto feedback = std::make_shared<PlanPath::Feedback>();
      |                                      ^~~~~~~~
      |                                      plan_paths
/root/xline_path_planner/xline_path_planner/src/main.cpp:353:26: error: parse error in template argument list
  353 |     auto feedback = std::make_shared<PlanPath::Feedback>();
      |                          ^~~~~~~~~~~~~~~~~~~~~~~~~~~~~~~
/root/xline_path_planner/xline_path_planner/src/main.cpp:353:57: error: no matching function for call to ‘make_shared<<expression error> >()’
  353 |     auto feedback = std::make_shared<PlanPath::Feedback>();
      |                     ~~~~~~~~~~~~~~~~~~~~~~~~~~~~~~~~~~~~^~
In file included from /usr/include/c++/11/memory:77,
                 from /root/xline_path_planner/xline_path_planner/src/main.cpp:1:
/usr/include/c++/11/bits/shared_ptr.h:875:5: note: candidate: ‘template<class _Tp, class ... _Args> std::shared_ptr<_Tp> std::make_shared(_Args&& ...)’
  875 |     make_shared(_Args&&... __args)
      |     ^~~~~~~~~~~
/usr/include/c++/11/bits/shared_ptr.h:875:5: note:   template argument deduction/substitution failed:
/root/xline_path_planner/xline_path_planner/src/main.cpp:353:57: error: template argument 1 is invalid
  353 |     auto feedback = std::make_shared<PlanPath::Feedback>();
      |                     ~~~~~~~~~~~~~~~~~~~~~~~~~~~~~~~~~~~~^~
/root/xline_path_planner/xline_path_planner/src/main.cpp:354:24: error: parse error in template argument list
  354 |     auto result = std::make_shared<PlanPath::Result>();
      |                        ^~~~~~~~~~~~~~~~~~~~~~~~~~~~~
/root/xline_path_planner/xline_path_planner/src/main.cpp:354:53: error: no matching function for call to ‘make_shared<PlanPath>()’
  354 |     auto result = std::make_shared<PlanPath::Result>();
      |                   ~~~~~~~~~~~~~~~~~~~~~~~~~~~~~~~~~~^~
In file included from /usr/include/c++/11/memory:77,
                 from /root/xline_path_planner/xline_path_planner/src/main.cpp:1:
/usr/include/c++/11/bits/shared_ptr.h:875:5: note: candidate: ‘template<class _Tp, class ... _Args> std::shared_ptr<_Tp> std::make_shared(_Args&& ...)’
  875 |     make_shared(_Args&&... __args)
      |     ^~~~~~~~~~~
/usr/include/c++/11/bits/shared_ptr.h:875:5: note:   template argument deduction/substitution failed:
/root/xline_path_planner/xline_path_planner/src/main.cpp:358:7: error: ‘PlannerEngineConfig’ was not declared in this scope
  358 |       PlannerEngineConfig cfg = build_engine_cfg_from_node();
      |       ^~~~~~~~~~~~~~~~~~~
/root/xline_path_planner/xline_path_planner/src/main.cpp:361:9: error: ‘cfg’ was not declared in this scope
  361 |         cfg = load_engine_cfg_from_yaml_text(goal->config_yaml);
      |         ^~~
/root/xline_path_planner/xline_path_planner/src/main.cpp:361:15: error: ‘load_engine_cfg_from_yaml_text’ was not declared in this scope
  361 |         cfg = load_engine_cfg_from_yaml_text(goal->config_yaml);
      |               ^~~~~~~~~~~~~~~~~~~~~~~~~~~~~~
/root/xline_path_planner/xline_path_planner/src/main.cpp:364:7: error: ‘PlannerEngine’ was not declared in this scope; did you mean ‘PlannerNode’?
  364 |       PlannerEngine engine(cfg);
      |       ^~~~~~~~~~~~~
      |       PlannerNode
/root/xline_path_planner/xline_path_planner/src/main.cpp:367:30: error: ‘engine’ was not declared in this scope
  367 |       std::string out_json = engine.plan_from_cad_json(goal->cad_json, "request.json");
      |                              ^~~~~~
gmake[2]: *** [CMakeFiles/planner_node.dir/build.make:76: CMakeFiles/planner_node.dir/src/main.cpp.o] Error 1
gmake[1]: *** [CMakeFiles/Makefile2:184: CMakeFiles/planner_node.dir/all] Error 2
gmake: *** [Makefile:146: all] Error 2
