[0.044s] Invoking command in '/root/xline_path_planner/build/xline_path_planner': CMAKE_PREFIX_PATH=/opt/ros/humble /usr/bin/cmake /root/xline_path_planner/xline_path_planner -DCMAKE_BUILD_TYPE=Release -DCMAKE_INSTALL_PREFIX=/root/xline_path_planner/install/xline_path_planner
[0.074s] -- Found ament_cmake: 1.3.11 (/opt/ros/humble/share/ament_cmake/cmake)
[0.347s] -- Found rclcpp: 16.0.12 (/opt/ros/humble/share/rclcpp/cmake)
[0.421s] -- Found rosidl_generator_c: 3.1.6 (/opt/ros/humble/share/rosidl_generator_c/cmake)
[0.427s] -- Found rosidl_adapter: 3.1.6 (/opt/ros/humble/share/rosidl_adapter/cmake)
[0.443s] -- Found rosidl_generator_cpp: 3.1.6 (/opt/ros/humble/share/rosidl_generator_cpp/cmake)
[0.468s] -- Using all available rosidl_typesupport_c: rosidl_typesupport_fastrtps_c;rosidl_typesupport_introspection_c
[0.497s] -- Using all available rosidl_typesupport_cpp: rosidl_typesupport_fastrtps_cpp;rosidl_typesupport_introspection_cpp
[0.565s] -- Found rmw_implementation_cmake: 6.1.2 (/opt/ros/humble/share/rmw_implementation_cmake/cmake)
[0.567s] -- Found rmw_fastrtps_cpp: 6.2.7 (/opt/ros/humble/share/rmw_fastrtps_cpp/cmake)
[0.759s] -- Using RMW implementation 'rmw_fastrtps_cpp' as default
[0.877s] -- Found rclcpp_action: 16.0.12 (/opt/ros/humble/share/rclcpp_action/cmake)
[0.960s] -- Found rosidl_default_generators: 1.2.0 (/opt/ros/humble/share/rosidl_default_generators/cmake)
[1.357s] -- Found ament_cmake_ros: 0.10.0 (/opt/ros/humble/share/ament_cmake_ros/cmake)
[1.988s] -- Using all available rosidl_typesupport_c: rosidl_typesupport_fastrtps_c;rosidl_typesupport_introspection_c
[2.227s] -- Using all available rosidl_typesupport_cpp: rosidl_typesupport_fastrtps_cpp;rosidl_typesupport_introspection_cpp
[2.275s] -- Found PythonInterp: /usr/bin/python3 (found suitable version "3.10.12", minimum required is "3.6") 
[2.279s] -- Found python_cmake_module: 0.10.0 (/opt/ros/humble/share/python_cmake_module/cmake)
[2.325s] -- Found PythonLibs: /usr/lib/x86_64-linux-gnu/libpython3.10.so (found suitable version "3.10.12", minimum required is "3.5") 
[2.325s] -- Using PYTHON_EXECUTABLE: /usr/bin/python3
[2.325s] -- Using PYTHON_INCLUDE_DIRS: /usr/include/python3.10
[2.326s] -- Using PYTHON_LIBRARIES: /usr/lib/x86_64-linux-gnu/libpython3.10.so
[2.355s] -- Found PythonExtra: .so  
[2.596s] CMake Deprecation Warning at /opt/ros/humble/share/rosidl_cmake/cmake/rosidl_target_interfaces.cmake:32 (message):
[2.596s]   Use rosidl_get_typesupport_target() and target_link_libraries() instead of
[2.596s]   rosidl_target_interfaces()
[2.596s] Call Stack (most recent call first):
[2.596s]   CMakeLists.txt:62 (rosidl_target_interfaces)
[2.597s] 
[2.597s] 
[2.597s] -- Found ament_lint_auto: 0.12.12 (/opt/ros/humble/share/ament_lint_auto/cmake)
[2.896s] -- Added test 'cppcheck' to perform static code analysis on C / C++ code
[2.897s] -- Configured cppcheck include dirs: $<BUILD_INTERFACE:/root/xline_path_planner/xline_path_planner/include>
[2.897s] -- Configured cppcheck exclude dirs and/or files: 
[2.899s] -- Added test 'lint_cmake' to check CMake code style
[2.905s] -- Added test 'uncrustify' to check C / C++ code style
[2.906s] -- Configured uncrustify additional arguments: 
[2.906s] -- Added test 'xmllint' to check XML markup files
[2.911s] -- Configuring done
[3.034s] -- Generating done
[3.069s] -- Build files have been written to: /root/xline_path_planner/build/xline_path_planner
[3.091s] Invoked command in '/root/xline_path_planner/build/xline_path_planner' returned '0': CMAKE_PREFIX_PATH=/opt/ros/humble /usr/bin/cmake /root/xline_path_planner/xline_path_planner -DCMAKE_BUILD_TYPE=Release -DCMAKE_INSTALL_PREFIX=/root/xline_path_planner/install/xline_path_planner
[3.095s] Invoking command in '/root/xline_path_planner/build/xline_path_planner': CMAKE_PREFIX_PATH=/opt/ros/humble /usr/bin/cmake --build /root/xline_path_planner/build/xline_path_planner -- -j8 -l8
[3.175s] [  2%] Generating C code for ROS interfaces
[3.193s] [  5%] Generating C++ code for ROS interfaces
[3.213s] [  5%] Built target ament_cmake_python_copy_xline_path_planner
[3.861s] running egg_info
[3.862s] creating xline_path_planner.egg-info
[3.863s] writing xline_path_planner.egg-info/PKG-INFO
[3.863s] writing dependency_links to xline_path_planner.egg-info/dependency_links.txt
[3.863s] writing top-level names to xline_path_planner.egg-info/top_level.txt
[3.864s] writing manifest file 'xline_path_planner.egg-info/SOURCES.txt'
[3.871s] reading manifest file 'xline_path_planner.egg-info/SOURCES.txt'
[3.873s] writing manifest file 'xline_path_planner.egg-info/SOURCES.txt'
[3.944s] [  5%] Built target ament_cmake_python_build_xline_path_planner_egg
[4.436s] [  7%] Building C object CMakeFiles/xline_path_planner__rosidl_generator_c.dir/rosidl_generator_c/xline_path_planner/action/detail/plan_path__functions.c.o
[4.446s] [  7%] Built target xline_path_planner__cpp
[4.464s] [ 12%] Generating C++ type support for eProsima Fast-RTPS
[4.464s] [ 12%] Generating C++ type support dispatch for ROS interfaces
[4.465s] [ 15%] Generating C++ introspection for ROS interfaces
[5.511s] [ 17%] Building CXX object CMakeFiles/xline_path_planner__rosidl_typesupport_cpp.dir/rosidl_typesupport_cpp/xline_path_planner/action/plan_path__type_support.cpp.o
[5.612s] [ 20%] Linking C shared library libxline_path_planner__rosidl_generator_c.so
[5.641s] [ 23%] Building CXX object CMakeFiles/xline_path_planner__rosidl_typesupport_introspection_cpp.dir/rosidl_typesupport_introspection_cpp/xline_path_planner/action/detail/plan_path__type_support.cpp.o
[5.699s] [ 23%] Built target xline_path_planner__rosidl_generator_c
[5.723s] [ 25%] Generating C type support for eProsima Fast-RTPS
[5.723s] [ 28%] Generating C introspection for ROS interfaces
[5.727s] [ 30%] Generating C type support dispatch for ROS interfaces
[5.903s] [ 33%] Building CXX object CMakeFiles/xline_path_planner__rosidl_typesupport_fastrtps_cpp.dir/rosidl_typesupport_fastrtps_cpp/xline_path_planner/action/detail/dds_fastrtps/plan_path__type_support.cpp.o
[7.080s] [ 35%] Building CXX object CMakeFiles/xline_path_planner__rosidl_typesupport_c.dir/rosidl_typesupport_c/xline_path_planner/action/plan_path__type_support.cpp.o
[7.091s] [ 38%] Linking CXX shared library libxline_path_planner__rosidl_typesupport_cpp.so
[7.289s] [ 38%] Built target xline_path_planner__rosidl_typesupport_cpp
[7.323s] [ 41%] Linking CXX shared library libxline_path_planner__rosidl_typesupport_c.so
[7.463s] [ 41%] Built target xline_path_planner__rosidl_typesupport_c
[7.469s] [ 43%] Building C object CMakeFiles/xline_path_planner__rosidl_typesupport_introspection_c.dir/rosidl_typesupport_introspection_c/xline_path_planner/action/detail/plan_path__type_support.c.o
[7.565s] [ 46%] Building CXX object CMakeFiles/xline_path_planner__rosidl_typesupport_fastrtps_c.dir/rosidl_typesupport_fastrtps_c/xline_path_planner/action/detail/plan_path__type_support_c.cpp.o
[7.682s] [ 48%] Linking C shared library libxline_path_planner__rosidl_typesupport_introspection_c.so
[7.754s] [ 48%] Built target xline_path_planner__rosidl_typesupport_introspection_c
[7.886s] [ 51%] Linking CXX shared library libxline_path_planner__rosidl_typesupport_introspection_cpp.so
[8.089s] [ 51%] Built target xline_path_planner__rosidl_typesupport_introspection_cpp
[8.248s] [ 53%] Linking CXX shared library libxline_path_planner__rosidl_typesupport_fastrtps_cpp.so
[8.429s] [ 53%] Built target xline_path_planner__rosidl_typesupport_fastrtps_cpp
[8.865s] [ 56%] Linking CXX shared library libxline_path_planner__rosidl_typesupport_fastrtps_c.so
[9.033s] [ 56%] Built target xline_path_planner__rosidl_typesupport_fastrtps_c
[9.069s] [ 56%] Built target xline_path_planner
[9.105s] [ 58%] Generating Python code for ROS interfaces
[9.111s] Consolidate compiler generated dependencies of target planner_node
[9.148s] [ 61%] Building CXX object CMakeFiles/planner_node.dir/src/main.cpp.o
[9.148s] [ 64%] Building CXX object CMakeFiles/planner_node.dir/src/cad_parser.cpp.o
[9.148s] [ 66%] Building CXX object CMakeFiles/planner_node.dir/src/planner_engine.cpp.o
[9.153s] [ 71%] Building CXX object CMakeFiles/planner_node.dir/src/grid_map_generator.cpp.o
[9.153s] [ 71%] Building CXX object CMakeFiles/planner_node.dir/src/path_planner.cpp.o
[9.154s] [ 74%] Building CXX object CMakeFiles/planner_node.dir/src/trajectory_generator.cpp.o
[9.162s] [ 76%] Building CXX object CMakeFiles/planner_node.dir/src/output_formatter.cpp.o
[14.107s] [ 76%] Built target xline_path_planner__py
[14.195s] [ 79%] Building C object CMakeFiles/xline_path_planner__rosidl_generator_py.dir/rosidl_generator_py/xline_path_planner/action/_plan_path_s.c.o
[15.122s] /root/xline_path_planner/xline_path_planner/src/grid_map_generator.cpp: In member function ‘bool daosnrs_planning::GridMapGenerator::save_as_image(const string&, const daosnrs_planning::CADData&, const daosnrs_planning::GridMapVisualizationConfig&) const’:
[15.123s] /root/xline_path_planner/xline_path_planner/src/grid_map_generator.cpp:140:83: warning: unused parameter ‘cad_data’ [-Wunused-parameter]
[15.124s]   140 | bool GridMapGenerator::save_as_image(const std::string& file_path, const CADData& cad_data,
[15.127s]       |                                                                    ~~~~~~~~~~~~~~~^~~~~~~~
[15.164s] /root/xline_path_planner/xline_path_planner/src/grid_map_generator.cpp: In member function ‘void daosnrs_planning::GridMapGenerator::store_axis_line_points(const std::shared_ptr<daosnrs_planning::Line>&)’:
[15.165s] /root/xline_path_planner/xline_path_planner/src/grid_map_generator.cpp:739:64: warning: comparison of integer expressions of different signedness: ‘std::vector<daosnrs_planning::Point3D>::size_type’ {aka ‘long unsigned int’} and ‘int’ [-Wsign-compare]
[15.165s]   739 |         if (curve->degree <= 3 && curve->control_points.size() >= curve->degree + 1)
[15.177s]       |                                   ~~~~~~~~~~~~~~~~~~~~~~~~~~~~~^~~~~~~~~~~~~~~~~~~~
[15.245s] /root/xline_path_planner/xline_path_planner/src/path_planner.cpp: In member function ‘std::vector<daosnrs_planning::RouteSegment> daosnrs_planning::PathPlanner::plan_paths(const daosnrs_planning::CADData&, const daosnrs_planning::PathOffsetConfig&)’:
[15.245s] /root/xline_path_planner/xline_path_planner/src/path_planner.cpp:84:47: warning: comparison of integer expressions of different signedness: ‘int’ and ‘std::vector<std::shared_ptr<daosnrs_planning::Line> >::size_type’ {aka ‘long unsigned int’} [-Wsign-compare]
[15.246s]    84 |   if (!lines_to_draw.empty() && printed_count == cad_data.path_lines.size())
[15.246s]       |                                 ~~~~~~~~~~~~~~^~~~~~~~~~~~~~~~~~~~~~~~~~~~~
[15.407s] /root/xline_path_planner/xline_path_planner/src/path_planner.cpp: In member function ‘cv::Mat daosnrs_planning::PathPlanner::create_path_image(const daosnrs_planning::PathVisualizationConfig&)’:
[15.407s] /root/xline_path_planner/xline_path_planner/src/path_planner.cpp:959:10: warning: unused variable ‘resolution’ [-Wunused-variable]
[15.408s]   959 |   double resolution = grid_map_generator_->get_resolution();
[15.408s]       |          ^~~~~~~~~~
[15.649s] [ 82%] Linking C shared library rosidl_generator_py/xline_path_planner/libxline_path_planner__rosidl_generator_py.so
[15.816s] [ 82%] Built target xline_path_planner__rosidl_generator_py
[15.893s] [ 84%] Building C object CMakeFiles/xline_path_planner__rosidl_typesupport_introspection_c__pyext.dir/rosidl_generator_py/xline_path_planner/_xline_path_planner_s.ep.rosidl_typesupport_introspection_c.c.o
[15.898s] [ 87%] Building C object CMakeFiles/xline_path_planner__rosidl_typesupport_fastrtps_c__pyext.dir/rosidl_generator_py/xline_path_planner/_xline_path_planner_s.ep.rosidl_typesupport_fastrtps_c.c.o
[16.728s] [ 89%] Linking C shared library rosidl_generator_py/xline_path_planner/xline_path_planner_s__rosidl_typesupport_fastrtps_c.cpython-310-x86_64-linux-gnu.so
[16.956s] [ 92%] Linking C shared library rosidl_generator_py/xline_path_planner/xline_path_planner_s__rosidl_typesupport_introspection_c.cpython-310-x86_64-linux-gnu.so
[16.977s] [ 92%] Built target xline_path_planner__rosidl_typesupport_fastrtps_c__pyext
[17.118s] [ 94%] Building C object CMakeFiles/xline_path_planner__rosidl_typesupport_c__pyext.dir/rosidl_generator_py/xline_path_planner/_xline_path_planner_s.ep.rosidl_typesupport_c.c.o
[17.189s] [ 94%] Built target xline_path_planner__rosidl_typesupport_introspection_c__pyext
[17.979s] [ 97%] Linking C shared library rosidl_generator_py/xline_path_planner/xline_path_planner_s__rosidl_typesupport_c.cpython-310-x86_64-linux-gnu.so
[18.155s] [ 97%] Built target xline_path_planner__rosidl_typesupport_c__pyext
[24.881s] /root/xline_path_planner/xline_path_planner/src/main.cpp:245:43: error: ‘xline_path_planner’ has not been declared
[24.881s]   245 |                                           xline_path_planner::action::PlanPath::Goal::ConstSharedPtr goal)
[24.881s]       |                                           ^~~~~~~~~~~~~~~~~~
[24.881s] /root/xline_path_planner/xline_path_planner/src/main.cpp:245:102: error: expected ‘,’ or ‘...’ before ‘goal’
[24.881s]   245 |                                           xline_path_planner::action::PlanPath::Goal::ConstSharedPtr goal)
[24.882s]       |                                                                                                      ^~~~
[24.906s] /root/xline_path_planner/xline_path_planner/src/main.cpp:256:101: error: ‘xline_path_planner’ was not declared in this scope
[24.906s]   256 |   rclcpp_action::CancelResponse handle_cancel(const std::shared_ptr<rclcpp_action::ServerGoalHandle<xline_path_planner::action::PlanPath>>)
[24.907s]       |                                                                                                     ^~~~~~~~~~~~~~~~~~
[24.907s] /root/xline_path_planner/xline_path_planner/src/main.cpp:256:137: error: template argument 1 is invalid
[24.907s]   256 |   rclcpp_action::CancelResponse handle_cancel(const std::shared_ptr<rclcpp_action::ServerGoalHandle<xline_path_planner::action::PlanPath>>)
[24.907s]       |                                                                                                                                         ^~
[24.927s] /root/xline_path_planner/xline_path_planner/src/main.cpp:256:101: error: ‘xline_path_planner’ was not declared in this scope
[24.927s]   256 |   rclcpp_action::CancelResponse handle_cancel(const std::shared_ptr<rclcpp_action::ServerGoalHandle<xline_path_planner::action::PlanPath>>)
[24.927s]       |                                                                                                     ^~~~~~~~~~~~~~~~~~
[24.928s] /root/xline_path_planner/xline_path_planner/src/main.cpp:256:137: error: template argument 1 is invalid
[24.928s]   256 |   rclcpp_action::CancelResponse handle_cancel(const std::shared_ptr<rclcpp_action::ServerGoalHandle<xline_path_planner::action::PlanPath>>)
[24.928s]       |                                                                                                                                         ^~
[24.949s] /root/xline_path_planner/xline_path_planner/src/main.cpp:256:101: error: ‘xline_path_planner’ was not declared in this scope
[24.949s]   256 |   rclcpp_action::CancelResponse handle_cancel(const std::shared_ptr<rclcpp_action::ServerGoalHandle<xline_path_planner::action::PlanPath>>)
[24.950s]       |                                                                                                     ^~~~~~~~~~~~~~~~~~
[24.950s] /root/xline_path_planner/xline_path_planner/src/main.cpp:256:137: error: template argument 1 is invalid
[24.950s]   256 |   rclcpp_action::CancelResponse handle_cancel(const std::shared_ptr<rclcpp_action::ServerGoalHandle<xline_path_planner::action::PlanPath>>)
[24.950s]       |                                                                                                                                         ^~
[24.950s] /root/xline_path_planner/xline_path_planner/src/main.cpp:256:69: error: invalid template-id
[24.950s]   256 |   rclcpp_action::CancelResponse handle_cancel(const std::shared_ptr<rclcpp_action::ServerGoalHandle<xline_path_planner::action::PlanPath>>)
[24.951s]       |                                                                     ^~~~~~~~~~~~~
[24.970s] /root/xline_path_planner/xline_path_planner/src/main.cpp:256:101: error: ‘xline_path_planner’ was not declared in this scope
[24.970s]   256 |   rclcpp_action::CancelResponse handle_cancel(const std::shared_ptr<rclcpp_action::ServerGoalHandle<xline_path_planner::action::PlanPath>>)
[24.970s]       |                                                                                                     ^~~~~~~~~~~~~~~~~~
[24.970s] /root/xline_path_planner/xline_path_planner/src/main.cpp:256:84: error: template argument 1 is invalid
[24.970s]   256 |   rclcpp_action::CancelResponse handle_cancel(const std::shared_ptr<rclcpp_action::ServerGoalHandle<xline_path_planner::action::PlanPath>>)
[24.970s]       |                                                                                    ^~~~~~~~~~~~~~~~
[24.970s] /root/xline_path_planner/xline_path_planner/src/main.cpp:256:84: error: template argument 1 is invalid
[24.970s] /root/xline_path_planner/xline_path_planner/src/main.cpp:256:84: error: template argument 1 is invalid
[24.970s] /root/xline_path_planner/xline_path_planner/src/main.cpp:256:53: error: invalid template-id
[24.971s]   256 |   rclcpp_action::CancelResponse handle_cancel(const std::shared_ptr<rclcpp_action::ServerGoalHandle<xline_path_planner::action::PlanPath>>)
[24.971s]       |                                                     ^~~
[24.971s] /root/xline_path_planner/xline_path_planner/src/main.cpp:256:139: error: missing template arguments before ‘)’ token
[24.971s]   256 |   rclcpp_action::CancelResponse handle_cancel(const std::shared_ptr<rclcpp_action::ServerGoalHandle<xline_path_planner::action::PlanPath>>)
[24.971s]       |                                                                                                                                           ^
[24.971s] /root/xline_path_planner/xline_path_planner/src/main.cpp:256:139: error: expected ‘>’ before ‘)’ token
[24.971s] /root/xline_path_planner/xline_path_planner/src/main.cpp:256:47: error: class template placeholder ‘std::shared_ptr’ not permitted in this context
[24.971s]   256 |   rclcpp_action::CancelResponse handle_cancel(const std::shared_ptr<rclcpp_action::ServerGoalHandle<xline_path_planner::action::PlanPath>>)
[24.971s]       |                                               ^~~~~
[24.991s] /root/xline_path_planner/xline_path_planner/src/main.cpp:263:78: error: ‘xline_path_planner’ was not declared in this scope
[24.991s]   263 |   void handle_accepted(const std::shared_ptr<rclcpp_action::ServerGoalHandle<xline_path_planner::action::PlanPath>> goal_handle)
[24.991s]       |                                                                              ^~~~~~~~~~~~~~~~~~
[24.991s] /root/xline_path_planner/xline_path_planner/src/main.cpp:263:114: error: template argument 1 is invalid
[24.991s]   263 |   void handle_accepted(const std::shared_ptr<rclcpp_action::ServerGoalHandle<xline_path_planner::action::PlanPath>> goal_handle)
[24.991s]       |                                                                                                                  ^~
[25.011s] /root/xline_path_planner/xline_path_planner/src/main.cpp:263:78: error: ‘xline_path_planner’ was not declared in this scope
[25.012s]   263 |   void handle_accepted(const std::shared_ptr<rclcpp_action::ServerGoalHandle<xline_path_planner::action::PlanPath>> goal_handle)
[25.012s]       |                                                                              ^~~~~~~~~~~~~~~~~~
[25.012s] /root/xline_path_planner/xline_path_planner/src/main.cpp:263:114: error: template argument 1 is invalid
[25.012s]   263 |   void handle_accepted(const std::shared_ptr<rclcpp_action::ServerGoalHandle<xline_path_planner::action::PlanPath>> goal_handle)
[25.012s]       |                                                                                                                  ^~
[25.032s] /root/xline_path_planner/xline_path_planner/src/main.cpp:263:78: error: ‘xline_path_planner’ was not declared in this scope
[25.032s]   263 |   void handle_accepted(const std::shared_ptr<rclcpp_action::ServerGoalHandle<xline_path_planner::action::PlanPath>> goal_handle)
[25.032s]       |                                                                              ^~~~~~~~~~~~~~~~~~
[25.032s] /root/xline_path_planner/xline_path_planner/src/main.cpp:263:114: error: template argument 1 is invalid
[25.032s]   263 |   void handle_accepted(const std::shared_ptr<rclcpp_action::ServerGoalHandle<xline_path_planner::action::PlanPath>> goal_handle)
[25.032s]       |                                                                                                                  ^~
[25.033s] /root/xline_path_planner/xline_path_planner/src/main.cpp:263:46: error: invalid template-id
[25.033s]   263 |   void handle_accepted(const std::shared_ptr<rclcpp_action::ServerGoalHandle<xline_path_planner::action::PlanPath>> goal_handle)
[25.033s]       |                                              ^~~~~~~~~~~~~
[25.053s] /root/xline_path_planner/xline_path_planner/src/main.cpp:263:78: error: ‘xline_path_planner’ was not declared in this scope
[25.053s]   263 |   void handle_accepted(const std::shared_ptr<rclcpp_action::ServerGoalHandle<xline_path_planner::action::PlanPath>> goal_handle)
[25.054s]       |                                                                              ^~~~~~~~~~~~~~~~~~
[25.054s] /root/xline_path_planner/xline_path_planner/src/main.cpp:263:117: error: template argument 1 is invalid
[25.054s]   263 |   void handle_accepted(const std::shared_ptr<rclcpp_action::ServerGoalHandle<xline_path_planner::action::PlanPath>> goal_handle)
[25.054s]       |                                                                                                                     ^~~~~~~~~~~
[25.054s] /root/xline_path_planner/xline_path_planner/src/main.cpp:263:117: error: template argument 1 is invalid
[25.054s] /root/xline_path_planner/xline_path_planner/src/main.cpp:263:117: error: template argument 1 is invalid
[25.054s] /root/xline_path_planner/xline_path_planner/src/main.cpp:263:30: error: invalid template-id
[25.054s]   263 |   void handle_accepted(const std::shared_ptr<rclcpp_action::ServerGoalHandle<xline_path_planner::action::PlanPath>> goal_handle)
[25.054s]       |                              ^~~
[25.055s] /root/xline_path_planner/xline_path_planner/src/main.cpp:263:117: error: missing template arguments before ‘goal_handle’
[25.055s]   263 |   void handle_accepted(const std::shared_ptr<rclcpp_action::ServerGoalHandle<xline_path_planner::action::PlanPath>> goal_handle)
[25.055s]       |                                                                                                                     ^~~~~~~~~~~
[25.055s] /root/xline_path_planner/xline_path_planner/src/main.cpp:263:117: error: expected ‘>’ before ‘goal_handle’
[25.055s] /root/xline_path_planner/xline_path_planner/src/main.cpp:263:24: error: class template placeholder ‘std::shared_ptr’ not permitted in this context
[25.055s]   263 |   void handle_accepted(const std::shared_ptr<rclcpp_action::ServerGoalHandle<xline_path_planner::action::PlanPath>> goal_handle)
[25.055s]       |                        ^~~~~
[25.061s] /root/xline_path_planner/xline_path_planner/src/main.cpp:269:3: error: ‘PlannerEngineConfig’ does not name a type
[25.061s]   269 |   PlannerEngineConfig build_engine_cfg_from_node() const
[25.062s]       |   ^~~~~~~~~~~~~~~~~~~
[25.069s] /root/xline_path_planner/xline_path_planner/src/main.cpp:281:3: error: ‘PlannerEngineConfig’ does not name a type
[25.069s]   281 |   PlannerEngineConfig load_engine_cfg_from_yaml_text(const std::string& yaml_text)
[25.069s]       |   ^~~~~~~~~~~~~~~~~~~
[25.089s] /root/xline_path_planner/xline_path_planner/src/main.cpp:349:70: error: ‘xline_path_planner’ was not declared in this scope
[25.089s]   349 |   void execute(const std::shared_ptr<rclcpp_action::ServerGoalHandle<xline_path_planner::action::PlanPath>> goal_handle)
[25.090s]       |                                                                      ^~~~~~~~~~~~~~~~~~
[25.090s] /root/xline_path_planner/xline_path_planner/src/main.cpp:349:106: error: template argument 1 is invalid
[25.090s]   349 |   void execute(const std::shared_ptr<rclcpp_action::ServerGoalHandle<xline_path_planner::action::PlanPath>> goal_handle)
[25.090s]       |                                                                                                          ^~
[25.111s] /root/xline_path_planner/xline_path_planner/src/main.cpp:349:70: error: ‘xline_path_planner’ was not declared in this scope
[25.111s]   349 |   void execute(const std::shared_ptr<rclcpp_action::ServerGoalHandle<xline_path_planner::action::PlanPath>> goal_handle)
[25.111s]       |                                                                      ^~~~~~~~~~~~~~~~~~
[25.111s] /root/xline_path_planner/xline_path_planner/src/main.cpp:349:106: error: template argument 1 is invalid
[25.111s]   349 |   void execute(const std::shared_ptr<rclcpp_action::ServerGoalHandle<xline_path_planner::action::PlanPath>> goal_handle)
[25.111s]       |                                                                                                          ^~
[25.132s] /root/xline_path_planner/xline_path_planner/src/main.cpp:349:70: error: ‘xline_path_planner’ was not declared in this scope
[25.132s]   349 |   void execute(const std::shared_ptr<rclcpp_action::ServerGoalHandle<xline_path_planner::action::PlanPath>> goal_handle)
[25.132s]       |                                                                      ^~~~~~~~~~~~~~~~~~
[25.132s] /root/xline_path_planner/xline_path_planner/src/main.cpp:349:106: error: template argument 1 is invalid
[25.132s]   349 |   void execute(const std::shared_ptr<rclcpp_action::ServerGoalHandle<xline_path_planner::action::PlanPath>> goal_handle)
[25.132s]       |                                                                                                          ^~
[25.132s] /root/xline_path_planner/xline_path_planner/src/main.cpp:349:38: error: invalid template-id
[25.133s]   349 |   void execute(const std::shared_ptr<rclcpp_action::ServerGoalHandle<xline_path_planner::action::PlanPath>> goal_handle)
[25.133s]       |                                      ^~~~~~~~~~~~~
[25.158s] /root/xline_path_planner/xline_path_planner/src/main.cpp:349:70: error: ‘xline_path_planner’ was not declared in this scope
[25.158s]   349 |   void execute(const std::shared_ptr<rclcpp_action::ServerGoalHandle<xline_path_planner::action::PlanPath>> goal_handle)
[25.158s]       |                                                                      ^~~~~~~~~~~~~~~~~~
[25.158s] /root/xline_path_planner/xline_path_planner/src/main.cpp:349:109: error: template argument 1 is invalid
[25.158s]   349 |   void execute(const std::shared_ptr<rclcpp_action::ServerGoalHandle<xline_path_planner::action::PlanPath>> goal_handle)
[25.158s]       |                                                                                                             ^~~~~~~~~~~
[25.159s] /root/xline_path_planner/xline_path_planner/src/main.cpp:349:109: error: template argument 1 is invalid
[25.159s] /root/xline_path_planner/xline_path_planner/src/main.cpp:349:109: error: template argument 1 is invalid
[25.159s] /root/xline_path_planner/xline_path_planner/src/main.cpp:349:22: error: invalid template-id
[25.159s]   349 |   void execute(const std::shared_ptr<rclcpp_action::ServerGoalHandle<xline_path_planner::action::PlanPath>> goal_handle)
[25.159s]       |                      ^~~
[25.159s] /root/xline_path_planner/xline_path_planner/src/main.cpp:349:109: error: missing template arguments before ‘goal_handle’
[25.159s]   349 |   void execute(const std::shared_ptr<rclcpp_action::ServerGoalHandle<xline_path_planner::action::PlanPath>> goal_handle)
[25.160s]       |                                                                                                             ^~~~~~~~~~~
[25.160s] /root/xline_path_planner/xline_path_planner/src/main.cpp:349:109: error: expected ‘>’ before ‘goal_handle’
[25.160s] /root/xline_path_planner/xline_path_planner/src/main.cpp:349:16: error: class template placeholder ‘std::shared_ptr’ not permitted in this context
[25.160s]   349 |   void execute(const std::shared_ptr<rclcpp_action::ServerGoalHandle<xline_path_planner::action::PlanPath>> goal_handle)
[25.160s]       |                ^~~~~
[25.167s] /root/xline_path_planner/xline_path_planner/src/main.cpp:393:20: error: ‘xline_path_planner’ does not name a type
[25.167s]   393 |   using PlanPath = xline_path_planner::action::PlanPath;
[25.167s]       |                    ^~~~~~~~~~~~~~~~~~
[25.179s] /root/xline_path_planner/xline_path_planner/src/main.cpp:394:25: error: ‘PlanPath’ was not declared in this scope
[25.179s]   394 |   rclcpp_action::Server<PlanPath>::SharedPtr action_server_;
[25.179s]       |                         ^~~~~~~~
[25.179s] /root/xline_path_planner/xline_path_planner/src/main.cpp:394:33: error: template argument 1 is invalid
[25.180s]   394 |   rclcpp_action::Server<PlanPath>::SharedPtr action_server_;
[25.180s]       |                                 ^
[25.180s] /root/xline_path_planner/xline_path_planner/src/main.cpp:394:36: error: expected ‘;’ at end of member declaration
[25.180s]   394 |   rclcpp_action::Server<PlanPath>::SharedPtr action_server_;
[25.180s]       |                                    ^~~~~~~~~
[25.180s]       |                                             ;
[25.184s] /root/xline_path_planner/xline_path_planner/src/main.cpp:394:46: error: ‘action_server_’ does not name a type; did you mean ‘rcl_action_server_t’?
[25.184s]   394 |   rclcpp_action::Server<PlanPath>::SharedPtr action_server_;
[25.184s]       |                                              ^~~~~~~~~~~~~~
[25.184s]       |                                              rcl_action_server_t
[25.206s] /root/xline_path_planner/xline_path_planner/src/main.cpp: In member function ‘void PlannerNode::start_action_server()’:
[25.206s] /root/xline_path_planner/xline_path_planner/src/main.cpp:230:22: error: ‘xline_path_planner’ does not name a type
[25.206s]   230 |     using PlanPath = xline_path_planner::action::PlanPath;
[25.206s]       |                      ^~~~~~~~~~~~~~~~~~
[25.221s] /root/xline_path_planner/xline_path_planner/src/main.cpp:233:5: error: ‘action_server_’ was not declared in this scope; did you mean ‘rcl_action_server_t’?
[25.221s]   233 |     action_server_ = rclcpp_action::create_server<PlanPath>(
[25.221s]       |     ^~~~~~~~~~~~~~
[25.221s]       |     rcl_action_server_t
[25.239s] /root/xline_path_planner/xline_path_planner/src/main.cpp:233:51: error: ‘PlanPath’ was not declared in this scope; did you mean ‘plan_paths’?
[25.239s]   233 |     action_server_ = rclcpp_action::create_server<PlanPath>(
[25.239s]       |                                                   ^~~~~~~~
[25.240s]       |                                                   plan_paths
[25.262s] /root/xline_path_planner/xline_path_planner/src/main.cpp:233:60: error: no matching function for call to ‘create_server<<expression error> >(std::shared_ptr<rclcpp::Node>, const char [10], std::_Bind_helper<false, rclcpp_action::GoalResponse (PlannerNode::*)(const std::array<unsigned char, 16>&, int), PlannerNode*, const std::_Placeholder<1>&, const std::_Placeholder<2>&>::type, std::_Bind_helper<false, rclcpp_action::CancelResponse (PlannerNode::*)(...), PlannerNode*, const std::_Placeholder<1>&>::type, std::_Bind_helper<false, void (PlannerNode::*)(...), PlannerNode*, const std::_Placeholder<1>&>::type)’
[25.262s]   233 |     action_server_ = rclcpp_action::create_server<PlanPath>(
[25.262s]       |                      ~~~~~~~~~~~~~~~~~~~~~~~~~~~~~~~~~~~~~~^
[25.263s]   234 |       shared_from_this(),
[25.263s]       |       ~~~~~~~~~~~~~~~~~~~                                   
[25.263s]   235 |       "plan_path",
[25.263s]       |       ~~~~~~~~~~~~                                          
[25.263s]   236 |       std::bind(&PlannerNode::handle_goal, this, _1, _2),
[25.263s]       |       ~~~~~~~~~~~~~~~~~~~~~~~~~~~~~~~~~~~~~~~~~~~~~~~~~~~   
[25.264s]   237 |       std::bind(&PlannerNode::handle_cancel, this, _1),
[25.264s]       |       ~~~~~~~~~~~~~~~~~~~~~~~~~~~~~~~~~~~~~~~~~~~~~~~~~     
[25.264s]   238 |       std::bind(&PlannerNode::handle_accepted, this, _1)
[25.264s]       |       ~~~~~~~~~~~~~~~~~~~~~~~~~~~~~~~~~~~~~~~~~~~~~~~~~~    
[25.264s]   239 |     );
[25.264s]       |     ~                                                       
[25.264s] In file included from /opt/ros/humble/include/rclcpp_action/rclcpp_action/rclcpp_action.hpp:39,
[25.265s]                  from /root/xline_path_planner/xline_path_planner/src/main.cpp:8:
[25.265s] /opt/ros/humble/include/rclcpp_action/rclcpp_action/create_server.hpp:58:1: note: candidate: ‘template<class ActionT> typename rclcpp_action::Server<ActionT>::SharedPtr rclcpp_action::create_server(rclcpp::node_interfaces::NodeBaseInterface::SharedPtr, rclcpp::node_interfaces::NodeClockInterface::SharedPtr, rclcpp::node_interfaces::NodeLoggingInterface::SharedPtr, rclcpp::node_interfaces::NodeWaitablesInterface::SharedPtr, const string&, typename rclcpp_action::Server<ActionT>::GoalCallback, typename rclcpp_action::Server<ActionT>::CancelCallback, typename rclcpp_action::Server<ActionT>::AcceptedCallback, const rcl_action_server_options_t&, rclcpp::CallbackGroup::SharedPtr)’
[25.265s]    58 | create_server(
[25.265s]       | ^~~~~~~~~~~~~
[25.265s] /opt/ros/humble/include/rclcpp_action/rclcpp_action/create_server.hpp:58:1: note:   template argument deduction/substitution failed:
[25.265s] /root/xline_path_planner/xline_path_planner/src/main.cpp:233:60: error: template argument 1 is invalid
[25.265s]   233 |     action_server_ = rclcpp_action::create_server<PlanPath>(
[25.266s]       |                      ~~~~~~~~~~~~~~~~~~~~~~~~~~~~~~~~~~~~~~^
[25.266s]   234 |       shared_from_this(),
[25.266s]       |       ~~~~~~~~~~~~~~~~~~~                                   
[25.266s]   235 |       "plan_path",
[25.266s]       |       ~~~~~~~~~~~~                                          
[25.267s]   236 |       std::bind(&PlannerNode::handle_goal, this, _1, _2),
[25.267s]       |       ~~~~~~~~~~~~~~~~~~~~~~~~~~~~~~~~~~~~~~~~~~~~~~~~~~~   
[25.267s]   237 |       std::bind(&PlannerNode::handle_cancel, this, _1),
[25.267s]       |       ~~~~~~~~~~~~~~~~~~~~~~~~~~~~~~~~~~~~~~~~~~~~~~~~~     
[25.267s]   238 |       std::bind(&PlannerNode::handle_accepted, this, _1)
[25.267s]       |       ~~~~~~~~~~~~~~~~~~~~~~~~~~~~~~~~~~~~~~~~~~~~~~~~~~    
[25.268s]   239 |     );
[25.268s]       |     ~                                                       
[25.268s] In file included from /opt/ros/humble/include/rclcpp_action/rclcpp_action/rclcpp_action.hpp:39,
[25.268s]                  from /root/xline_path_planner/xline_path_planner/src/main.cpp:8:
[25.268s] /opt/ros/humble/include/rclcpp_action/rclcpp_action/create_server.hpp:132:1: note: candidate: ‘template<class ActionT, class NodeT> typename rclcpp_action::Server<ActionT>::SharedPtr rclcpp_action::create_server(NodeT, const string&, typename rclcpp_action::Server<ActionT>::GoalCallback, typename rclcpp_action::Server<ActionT>::CancelCallback, typename rclcpp_action::Server<ActionT>::AcceptedCallback, const rcl_action_server_options_t&, rclcpp::CallbackGroup::SharedPtr)’
[25.268s]   132 | create_server(
[25.269s]       | ^~~~~~~~~~~~~
[25.269s] /opt/ros/humble/include/rclcpp_action/rclcpp_action/create_server.hpp:132:1: note:   template argument deduction/substitution failed:
[25.269s] /root/xline_path_planner/xline_path_planner/src/main.cpp:233:60: error: template argument 1 is invalid
[25.269s]   233 |     action_server_ = rclcpp_action::create_server<PlanPath>(
[25.269s]       |                      ~~~~~~~~~~~~~~~~~~~~~~~~~~~~~~~~~~~~~~^
[25.269s]   234 |       shared_from_this(),
[25.269s]       |       ~~~~~~~~~~~~~~~~~~~                                   
[25.270s]   235 |       "plan_path",
[25.270s]       |       ~~~~~~~~~~~~                                          
[25.270s]   236 |       std::bind(&PlannerNode::handle_goal, this, _1, _2),
[25.270s]       |       ~~~~~~~~~~~~~~~~~~~~~~~~~~~~~~~~~~~~~~~~~~~~~~~~~~~   
[25.270s]   237 |       std::bind(&PlannerNode::handle_cancel, this, _1),
[25.270s]       |       ~~~~~~~~~~~~~~~~~~~~~~~~~~~~~~~~~~~~~~~~~~~~~~~~~     
[25.270s]   238 |       std::bind(&PlannerNode::handle_accepted, this, _1)
[25.271s]       |       ~~~~~~~~~~~~~~~~~~~~~~~~~~~~~~~~~~~~~~~~~~~~~~~~~~    
[25.271s]   239 |     );
[25.271s]       |     ~                                                       
[25.273s] /root/xline_path_planner/xline_path_planner/src/main.cpp: In member function ‘rclcpp_action::GoalResponse PlannerNode::handle_goal(const GoalUUID&, int)’:
[25.274s] /root/xline_path_planner/xline_path_planner/src/main.cpp:247:9: error: ‘goal’ was not declared in this scope
[25.274s]   247 |     if (goal->cad_json.empty())
[25.275s]       |         ^~~~
[25.275s] /root/xline_path_planner/xline_path_planner/src/main.cpp:245:87: warning: unused parameter ‘ConstSharedPtr’ [-Wunused-parameter]
[25.275s]   245 |                                           xline_path_planner::action::PlanPath::Goal::ConstSharedPtr goal)
[25.275s]       |                                           ~~~~~~~~~~~~~~~~~~~~~~~~~~~~~~~~~~~~~~~~~~~~^~~~~~~~~~~~~~
[25.292s] /root/xline_path_planner/xline_path_planner/src/main.cpp: In member function ‘void PlannerNode::handle_accepted(...)’:
[25.292s] /root/xline_path_planner/xline_path_planner/src/main.cpp:265:24: error: ‘goal_handle’ was not declared in this scope
[25.293s]   265 |     std::thread([this, goal_handle]() { this->execute(goal_handle); }).detach();
[25.293s]       |                        ^~~~~~~~~~~
[25.293s] /root/xline_path_planner/xline_path_planner/src/main.cpp: In lambda function:
[25.293s] /root/xline_path_planner/xline_path_planner/src/main.cpp:265:55: error: ‘goal_handle’ is not captured
[25.293s]   265 |     std::thread([this, goal_handle]() { this->execute(goal_handle); }).detach();
[25.293s]       |                                                       ^~~~~~~~~~~
[25.293s] /root/xline_path_planner/xline_path_planner/src/main.cpp:265:35: note: the lambda has no capture-default
[25.293s]   265 |     std::thread([this, goal_handle]() { this->execute(goal_handle); }).detach();
[25.293s]       |                                   ^
[25.293s] /root/xline_path_planner/xline_path_planner/src/main.cpp:265:24: note: ‘<typeprefixerror>goal_handle’ declared here
[25.293s]   265 |     std::thread([this, goal_handle]() { this->execute(goal_handle); }).detach();
[25.294s]       |                        ^~~~~~~~~~~
[25.301s] /root/xline_path_planner/xline_path_planner/src/main.cpp: In member function ‘void PlannerNode::execute(...)’:
[25.301s] /root/xline_path_planner/xline_path_planner/src/main.cpp:351:22: error: ‘xline_path_planner’ does not name a type
[25.301s]   351 |     using PlanPath = xline_path_planner::action::PlanPath;
[25.301s]       |                      ^~~~~~~~~~~~~~~~~~
[25.315s] /root/xline_path_planner/xline_path_planner/src/main.cpp:352:17: error: ‘goal_handle’ was not declared in this scope
[25.315s]   352 |     auto goal = goal_handle->get_goal();
[25.315s]       |                 ^~~~~~~~~~~
[25.332s] /root/xline_path_planner/xline_path_planner/src/main.cpp:353:38: error: ‘PlanPath’ was not declared in this scope; did you mean ‘plan_paths’?
[25.333s]   353 |     auto feedback = std::make_shared<PlanPath::Feedback>();
[25.333s]       |                                      ^~~~~~~~
[25.334s]       |                                      plan_paths
[25.334s] /root/xline_path_planner/xline_path_planner/src/main.cpp:353:26: error: parse error in template argument list
[25.335s]   353 |     auto feedback = std::make_shared<PlanPath::Feedback>();
[25.335s]       |                          ^~~~~~~~~~~~~~~~~~~~~~~~~~~~~~~
[25.336s] /root/xline_path_planner/xline_path_planner/src/main.cpp:353:57: error: no matching function for call to ‘make_shared<<expression error> >()’
[25.336s]   353 |     auto feedback = std::make_shared<PlanPath::Feedback>();
[25.337s]       |                     ~~~~~~~~~~~~~~~~~~~~~~~~~~~~~~~~~~~~^~
[25.337s] In file included from /usr/include/c++/11/memory:77,
[25.338s]                  from /root/xline_path_planner/xline_path_planner/src/main.cpp:1:
[25.338s] /usr/include/c++/11/bits/shared_ptr.h:875:5: note: candidate: ‘template<class _Tp, class ... _Args> std::shared_ptr<_Tp> std::make_shared(_Args&& ...)’
[25.338s]   875 |     make_shared(_Args&&... __args)
[25.338s]       |     ^~~~~~~~~~~
[25.338s] /usr/include/c++/11/bits/shared_ptr.h:875:5: note:   template argument deduction/substitution failed:
[25.338s] /root/xline_path_planner/xline_path_planner/src/main.cpp:353:57: error: template argument 1 is invalid
[25.338s]   353 |     auto feedback = std::make_shared<PlanPath::Feedback>();
[25.338s]       |                     ~~~~~~~~~~~~~~~~~~~~~~~~~~~~~~~~~~~~^~
[25.339s] /root/xline_path_planner/xline_path_planner/src/main.cpp:354:24: error: parse error in template argument list
[25.339s]   354 |     auto result = std::make_shared<PlanPath::Result>();
[25.339s]       |                        ^~~~~~~~~~~~~~~~~~~~~~~~~~~~~
[25.339s] /root/xline_path_planner/xline_path_planner/src/main.cpp:354:53: error: no matching function for call to ‘make_shared<PlanPath>()’
[25.339s]   354 |     auto result = std::make_shared<PlanPath::Result>();
[25.339s]       |                   ~~~~~~~~~~~~~~~~~~~~~~~~~~~~~~~~~~^~
[25.339s] In file included from /usr/include/c++/11/memory:77,
[25.340s]                  from /root/xline_path_planner/xline_path_planner/src/main.cpp:1:
[25.340s] /usr/include/c++/11/bits/shared_ptr.h:875:5: note: candidate: ‘template<class _Tp, class ... _Args> std::shared_ptr<_Tp> std::make_shared(_Args&& ...)’
[25.340s]   875 |     make_shared(_Args&&... __args)
[25.340s]       |     ^~~~~~~~~~~
[25.340s] /usr/include/c++/11/bits/shared_ptr.h:875:5: note:   template argument deduction/substitution failed:
[25.363s] /root/xline_path_planner/xline_path_planner/src/main.cpp:358:7: error: ‘PlannerEngineConfig’ was not declared in this scope
[25.364s]   358 |       PlannerEngineConfig cfg = build_engine_cfg_from_node();
[25.364s]       |       ^~~~~~~~~~~~~~~~~~~
[25.373s] /root/xline_path_planner/xline_path_planner/src/main.cpp:361:9: error: ‘cfg’ was not declared in this scope
[25.374s]   361 |         cfg = load_engine_cfg_from_yaml_text(goal->config_yaml);
[25.374s]       |         ^~~
[25.411s] /root/xline_path_planner/xline_path_planner/src/main.cpp:361:15: error: ‘load_engine_cfg_from_yaml_text’ was not declared in this scope
[25.411s]   361 |         cfg = load_engine_cfg_from_yaml_text(goal->config_yaml);
[25.412s]       |               ^~~~~~~~~~~~~~~~~~~~~~~~~~~~~~
[25.431s] /root/xline_path_planner/xline_path_planner/src/main.cpp:364:7: error: ‘PlannerEngine’ was not declared in this scope; did you mean ‘PlannerNode’?
[25.431s]   364 |       PlannerEngine engine(cfg);
[25.432s]       |       ^~~~~~~~~~~~~
[25.432s]       |       PlannerNode
[25.447s] /root/xline_path_planner/xline_path_planner/src/main.cpp:367:30: error: ‘engine’ was not declared in this scope
[25.447s]   367 |       std::string out_json = engine.plan_from_cad_json(goal->cad_json, "request.json");
[25.448s]       |                              ^~~~~~
[28.478s] gmake[2]: *** [CMakeFiles/planner_node.dir/build.make:76: CMakeFiles/planner_node.dir/src/main.cpp.o] Error 1
[28.478s] gmake[1]: *** [CMakeFiles/Makefile2:184: CMakeFiles/planner_node.dir/all] Error 2
[28.478s] gmake: *** [Makefile:146: all] Error 2
[28.481s] Invoked command in '/root/xline_path_planner/build/xline_path_planner' returned '2': CMAKE_PREFIX_PATH=/opt/ros/humble /usr/bin/cmake --build /root/xline_path_planner/build/xline_path_planner -- -j8 -l8
